This is pdfTeX, Version 3.14159265-2.6-1.40.16 (TeX Live 2015) (preloaded format=pdflatex 2015.8.24)  25 MAR 2018 04:18
entering extended mode
 restricted \write18 enabled.
 file:line:error style messages enabled.
 %&-line parsing enabled.
**structure.tex
(./structure.tex
LaTeX2e <2015/01/01>
Babel <3.9l> and hyphenation patterns for 79 languages loaded.

./structure.tex:22: LaTeX Error: \usepackage before \documentclass.

See the LaTeX manual or LaTeX Companion for explanation.
Type  H <return>  for immediate help.
 ...                                              
                                                  
l.22 ...,left=3cm,right=3cm,headsep=10pt,a4paper]{
                                                  geometry} % Page margins
? 
./structure.tex:22: Emergency stop.
 ...                                              
                                                  
l.22 ...,left=3cm,right=3cm,headsep=10pt,a4paper]{
                                                  geometry} % Page margins
\usepackage may only appear in the document preamble, i.e.,
between \documentclass and \begin{document}.

 
Here is how much of TeX's memory you used:
 6 strings out of 493089
 277 string characters out of 6134842
 53199 words of memory out of 5000000
 3590 multiletter control sequences out of 15000+600000
 3640 words of font info for 14 fonts, out of 8000000 for 9000
 1141 hyphenation exceptions out of 8191
 5i,0n,5p,112b,14s stack positions out of 5000i,500n,10000p,200000b,80000s
./structure.tex:22:  ==> Fatal error occurred, no output PDF file produced!
