\BOOKMARK [0][-]{chapter*.2}{\376\377\000I\000n\000t\000r\000o\000d\000u\000c\000t\000i\000o\000n}{}% 1
\BOOKMARK [0][-]{chapter.1}{\376\377\000R\000e\000f\000l\000e\000c\000t\000i\000o\000n\000s\000\040\000o\000n\000\040\000t\000h\000e\000\040\000n\000o\000t\000i\000o\000n\000s\000\040\000o\000f\000\040\000s\000p\000a\000c\000e}{}% 2
\BOOKMARK [1][-]{section.1.1}{\376\377\000L\000e\000c\000t\000u\000r\000e\000\040\0001\000:\000\040\000R\000e\000f\000l\000e\000c\000t\000i\000o\000n\000s\000\040\000o\000n\000\040\000t\000h\000e\000\040\000n\000o\000t\000i\000o\000n\000s\000\040\000o\000f\000\040\000s\000p\000a\000c\000e\000\040\000I}{chapter.1}% 3
\BOOKMARK [0][-]{chapter.2}{\376\377\000U\000s\000a\000g\000e}{}% 4
\BOOKMARK [1][-]{section.2.1}{\376\377\000E\000n\000v\000i\000r\000o\000n\000m\000e\000n\000t\000s}{chapter.2}% 5
\BOOKMARK [0][-]{chapter.3}{\376\377\000O\000n\000\040\000t\000h\000e\000\040\000U\000s\000e\000\040\000o\000f\000\040\000t\000h\000e\000\040\000t\000u\000f\000t\000e\000-\000b\000o\000o\000k\000\040\000D\000o\000c\000u\000m\000e\000n\000t\000\040\000C\000l\000a\000s\000s}{}% 6
\BOOKMARK [1][-]{section.3.1}{\376\377\000P\000a\000g\000e\000\040\000L\000a\000y\000o\000u\000t}{chapter.3}% 7
\BOOKMARK [1][-]{section.3.2}{\376\377\000S\000i\000d\000e\000n\000o\000t\000e\000s}{chapter.3}% 8
\BOOKMARK [1][-]{section.3.3}{\376\377\000R\000e\000f\000e\000r\000e\000n\000c\000e\000s}{chapter.3}% 9
\BOOKMARK [1][-]{section.3.4}{\376\377\000F\000i\000g\000u\000r\000e\000s\000\040\000a\000n\000d\000\040\000T\000a\000b\000l\000e\000s}{chapter.3}% 10
\BOOKMARK [1][-]{section.3.5}{\376\377\000C\000a\000p\000t\000i\000o\000n\000s}{chapter.3}% 11
\BOOKMARK [1][-]{section.3.6}{\376\377\000F\000u\000l\000l\000-\000w\000i\000d\000t\000h\000\040\000t\000e\000x\000t\000\040\000b\000l\000o\000c\000k\000s}{chapter.3}% 12
\BOOKMARK [1][-]{section.3.7}{\376\377\000T\000y\000p\000o\000g\000r\000a\000p\000h\000y}{chapter.3}% 13
\BOOKMARK [1][-]{section.3.8}{\376\377\000D\000o\000c\000u\000m\000e\000n\000t\000\040\000C\000l\000a\000s\000s\000\040\000O\000p\000t\000i\000o\000n\000s}{chapter.3}% 14
\BOOKMARK [0][-]{chapter.4}{\376\377\000C\000u\000s\000t\000o\000m\000i\000z\000i\000n\000g\000\040\000T\000u\000f\000t\000e\000-\000L\000a\000T\000e\000X}{}% 15
\BOOKMARK [1][-]{section.4.1}{\376\377\000F\000i\000l\000e\000\040\000H\000o\000o\000k\000s}{chapter.4}% 16
\BOOKMARK [1][-]{section.4.2}{\376\377\000N\000u\000m\000b\000e\000r\000e\000d\000\040\000S\000e\000c\000t\000i\000o\000n\000\040\000H\000e\000a\000d\000i\000n\000g\000s}{chapter.4}% 17
\BOOKMARK [1][-]{section.4.3}{\376\377\000C\000h\000a\000n\000g\000i\000n\000g\000\040\000t\000h\000e\000\040\000P\000a\000p\000e\000r\000\040\000S\000i\000z\000e}{chapter.4}% 18
\BOOKMARK [1][-]{section.4.4}{\376\377\000C\000u\000s\000t\000o\000m\000i\000z\000i\000n\000g\000\040\000M\000a\000r\000g\000i\000n\000a\000l\000\040\000M\000a\000t\000e\000r\000i\000a\000l}{chapter.4}% 19
\BOOKMARK [0][-]{chapter.5}{\376\377\000C\000o\000m\000p\000a\000t\000i\000b\000i\000l\000i\000t\000y\000\040\000I\000s\000s\000u\000e\000s}{}% 20
\BOOKMARK [1][-]{section.5.1}{\376\377\000C\000o\000n\000v\000e\000r\000t\000i\000n\000g\000\040\000f\000r\000o\000m\000\040\000a\000r\000t\000i\000c\000l\000e\000\040\000t\000o\000\040\000t\000u\000f\000t\000e\000-\000h\000a\000n\000d\000o\000u\000t}{chapter.5}% 21
\BOOKMARK [1][-]{section.5.2}{\376\377\000C\000o\000n\000v\000e\000r\000t\000i\000n\000g\000\040\000f\000r\000o\000m\000\040\000b\000o\000o\000k\000\040\000t\000o\000\040\000t\000u\000f\000t\000e\000-\000b\000o\000o\000k}{chapter.5}% 22
\BOOKMARK [0][-]{chapter.6}{\376\377\000T\000r\000o\000u\000b\000l\000e\000s\000h\000o\000o\000t\000i\000n\000g\000\040\000a\000n\000d\000\040\000S\000u\000p\000p\000o\000r\000t}{}% 23
\BOOKMARK [1][-]{section.6.1}{\376\377\000T\000u\000f\000t\000e\000-\000L\000a\000T\000e\000X\000\040\000W\000e\000b\000s\000i\000t\000e}{chapter.6}% 24
\BOOKMARK [1][-]{section.6.2}{\376\377\000T\000u\000f\000t\000e\000-\000L\000a\000T\000e\000X\000\040\000M\000a\000i\000l\000i\000n\000g\000\040\000L\000i\000s\000t\000s}{chapter.6}% 25
\BOOKMARK [1][-]{section.6.3}{\376\377\000G\000e\000t\000t\000i\000n\000g\000\040\000H\000e\000l\000p}{chapter.6}% 26
\BOOKMARK [1][-]{section.6.4}{\376\377\000E\000r\000r\000o\000r\000s\000,\000\040\000W\000a\000r\000n\000i\000n\000g\000s\000,\000\040\000a\000n\000d\000\040\000I\000n\000f\000o\000r\000m\000a\000t\000i\000o\000n\000a\000l\000\040\000M\000e\000s\000s\000a\000g\000e\000s}{chapter.6}% 27
\BOOKMARK [1][-]{section.6.5}{\376\377\000P\000a\000c\000k\000a\000g\000e\000\040\000D\000e\000p\000e\000n\000d\000e\000n\000c\000i\000e\000s}{chapter.6}% 28
\BOOKMARK [0][-]{chapter*.7}{\376\377\000B\000i\000b\000l\000i\000o\000g\000r\000a\000p\000h\000y}{}% 29
\BOOKMARK [0][-]{chapter*.8}{\376\377\000I\000n\000d\000e\000x}{}% 30
