\BOOKMARK [0][-]{chapter*.2}{\376\377\000I\000n\000t\000r\000o\000d\000u\000c\000t\000i\000o\000n}{}% 1
\BOOKMARK [0][-]{chapter.1}{\376\377\000R\000e\000f\000l\000e\000c\000t\000i\000o\000n\000s\000\040\000o\000n\000\040\000t\000h\000e\000\040\000n\000o\000t\000i\000o\000n\000\040\000o\000f\000\040\000s\000p\000a\000c\000e}{}% 2
\BOOKMARK [1][-]{section.1.1}{\376\377\000L\000e\000c\000t\000u\000r\000e\000\040\0001\000:\000\040\000R\000e\000f\000l\000e\000c\000t\000i\000o\000n\000s\000\040\000o\000n\000\040\000t\000h\000e\000\040\000n\000o\000t\000i\000o\000n\000\040\000o\000f\000\040\000s\000p\000a\000c\000e\000\040\000I}{chapter.1}% 3
\BOOKMARK [1][-]{section.1.2}{\376\377\000L\000e\000c\000t\000u\000r\000e\000\040\0002\000:\000\040\000R\000e\000f\000l\000e\000c\000t\000i\000o\000n\000s\000\040\000o\000n\000\040\000t\000h\000e\000\040\000n\000o\000t\000i\000o\000n\000\040\000o\000f\000\040\000s\000p\000a\000c\000e\000\040\000I\000I}{chapter.1}% 4
\BOOKMARK [0][-]{chapter.2}{\376\377\000S\000c\000h\000e\000m\000e\000s\000\040\000a\000n\000d\000\040\000a\000l\000g\000e\000b\000r\000a\000i\000c\000\040\000s\000p\000a\000c\000e\000s}{}% 5
\BOOKMARK [1][-]{section.2.1}{\376\377\000L\000e\000c\000t\000u\000r\000e\000\040\0003\000:\000\040\000S\000c\000h\000e\000m\000e\000s\000\040\000a\000n\000d\000\040\000a\000l\000g\000e\000b\000r\000a\000i\000c\000\040\000s\000p\000a\000c\000e\000s\000\040\000I}{chapter.2}% 6
\BOOKMARK [1][-]{section.2.2}{\376\377\000L\000e\000c\000t\000u\000r\000e\000\040\0004\000:\000\040\000S\000c\000h\000e\000m\000e\000s\000\040\000a\000n\000d\000\040\000a\000l\000g\000e\000b\000r\000a\000i\000c\000\040\000s\000p\000a\000c\000e\000s\000\040\000I\000I}{chapter.2}% 7
\BOOKMARK [1][-]{section.2.3}{\376\377\000L\000e\000c\000t\000u\000r\000e\000\040\0004\000\040\0001\000/\0002\000:\000\040\000C\000o\000m\000p\000l\000e\000m\000e\000n\000t\000s\000\040\000o\000n\000\040\000s\000c\000h\000e\000m\000e\000s\000\040\000a\000n\000d\000\040\000a\000l\000g\000e\000b\000r\000a\000i\000c\000\040\000s\000p\000a\000c\000e\000s}{chapter.2}% 8
\BOOKMARK [0][-]{chapter.3}{\376\377\000S\000t\000a\000c\000k\000s}{}% 9
\BOOKMARK [1][-]{section.3.1}{\376\377\000L\000e\000c\000t\000u\000r\000e\000\040\0005\000:\000\040\000S\000t\000a\000c\000k\000s\000\040\000I}{chapter.3}% 10
\BOOKMARK [1][-]{section.3.2}{\376\377\000L\000e\000c\000t\000u\000r\000e\000\040\0006\000:\000\040\000S\000t\000a\000c\000k\000s\000\040\000I\000I}{chapter.3}% 11
\BOOKMARK [1][-]{section.3.3}{\376\377\000L\000e\000c\000t\000u\000r\000e\000\040\0007\000:\000\040\000S\000t\000a\000c\000k\000s\000\040\000I\000I\000I}{chapter.3}% 12
\BOOKMARK [1][-]{section.3.4}{\376\377\000L\000e\000c\000t\000u\000r\000e\000\040\0008\000:\000\040\000S\000t\000a\000c\000k\000s\000\040\000I\000V}{chapter.3}% 13
\BOOKMARK [1][-]{section.3.5}{\376\377\000L\000e\000c\000t\000u\000r\000e\000\040\0009\000:\000\040\000S\000o\000m\000e\000\040\000e\000x\000e\000r\000c\000i\000s\000e\000s}{chapter.3}% 14
\BOOKMARK [0][-]{chapter.4}{\376\377\000O\000n\000\040\000t\000h\000e\000\040\000U\000s\000e\000\040\000o\000f\000\040\000t\000h\000e\000\040\000t\000u\000f\000t\000e\000-\000b\000o\000o\000k\000\040\000D\000o\000c\000u\000m\000e\000n\000t\000\040\000C\000l\000a\000s\000s}{}% 15
\BOOKMARK [1][-]{section.4.1}{\376\377\000P\000a\000g\000e\000\040\000L\000a\000y\000o\000u\000t}{chapter.4}% 16
\BOOKMARK [1][-]{section.4.2}{\376\377\000S\000i\000d\000e\000n\000o\000t\000e\000s}{chapter.4}% 17
\BOOKMARK [1][-]{section.4.3}{\376\377\000R\000e\000f\000e\000r\000e\000n\000c\000e\000s}{chapter.4}% 18
\BOOKMARK [1][-]{section.4.4}{\376\377\000F\000i\000g\000u\000r\000e\000s\000\040\000a\000n\000d\000\040\000T\000a\000b\000l\000e\000s}{chapter.4}% 19
\BOOKMARK [1][-]{section.4.5}{\376\377\000C\000a\000p\000t\000i\000o\000n\000s}{chapter.4}% 20
\BOOKMARK [1][-]{section.4.6}{\376\377\000F\000u\000l\000l\000-\000w\000i\000d\000t\000h\000\040\000t\000e\000x\000t\000\040\000b\000l\000o\000c\000k\000s}{chapter.4}% 21
\BOOKMARK [1][-]{section.4.7}{\376\377\000T\000y\000p\000o\000g\000r\000a\000p\000h\000y}{chapter.4}% 22
\BOOKMARK [1][-]{section.4.8}{\376\377\000D\000o\000c\000u\000m\000e\000n\000t\000\040\000C\000l\000a\000s\000s\000\040\000O\000p\000t\000i\000o\000n\000s}{chapter.4}% 23
\BOOKMARK [0][-]{chapter*.5}{\376\377\000B\000i\000b\000l\000i\000o\000g\000r\000a\000p\000h\000y}{}% 24
\BOOKMARK [0][-]{chapter*.6}{\376\377\000I\000n\000d\000e\000x}{}% 25
