This is pdfTeX, Version 3.14159265-2.6-1.40.16 (TeX Live 2015) (preloaded format=pdflatex 2015.8.24)  25 MAR 2018 04:09
entering extended mode
 restricted \write18 enabled.
 file:line:error style messages enabled.
 %&-line parsing enabled.
**tufte-book.cls
(./tufte-book.cls
LaTeX2e <2015/01/01>
Babel <3.9l> and hyphenation patterns for 79 languages loaded.

LaTeX Warning: You have requested package `',
               but the package provides `tufte-book'.

Package: tufte-book 2009/12/11 v3.5.0 Tufte-book class

./tufte-book.cls:7: LaTeX Error: Command \@ already defined.
               Or name \end... illegal, see p.192 of the manual.

See the LaTeX manual or LaTeX Companion for explanation.
Type  H <return>  for immediate help.
 ...                                              
                                                  
l.7 \newcommand{\@tufte@class}{book}
                                    % the base LaTeX class (defaults to the ...

? 
./tufte-book.cls:7: Emergency stop.
 ...                                              
                                                  
l.7 \newcommand{\@tufte@class}{book}
                                    % the base LaTeX class (defaults to the ...

Your command was ignored.
Type  I <command> <return>  to replace it with another command,
or  <return>  to continue without it.

 
Here is how much of TeX's memory you used:
 8 strings out of 493089
 348 string characters out of 6134842
 53199 words of memory out of 5000000
 3591 multiletter control sequences out of 15000+600000
 3640 words of font info for 14 fonts, out of 8000000 for 9000
 1141 hyphenation exceptions out of 8191
 7i,0n,8p,113b,14s stack positions out of 5000i,500n,10000p,200000b,80000s
./tufte-book.cls:7:  ==> Fatal error occurred, no output PDF file produced!
