\BOOKMARK [0][-]{chapter*.2}{List\040of\040illustrations}{}% 1
\BOOKMARK [0][-]{chapter*.3}{List\040of\040tables}{}% 2
\BOOKMARK [0][-]{chapter*.4}{List\040of\040boxes}{}% 3
\BOOKMARK [0][-]{chapter*.5}{List\040of\040contributors}{}% 4
\BOOKMARK [-1][-]{part.1}{Part\040I\040Getting\040started}{}% 5
\BOOKMARK [0][-]{chapter.1}{Introduction}{part.1}% 6
\BOOKMARK [1][-]{section.1.1}{The LaTeX2ε book document class}{chapter.1}% 7
\BOOKMARK [1][-]{section.1.2}{The\040PT3\040document\040class}{chapter.1}% 8
\BOOKMARK [1][-]{section.1.3}{Implementing\040the\040PT3\040class\040file}{chapter.1}% 9
\BOOKMARK [1][-]{section.1.4}{Implementing\040the\040multi-contributor\040option}{chapter.1}% 10
\BOOKMARK [1][-]{section.1.5}{Fonts}{chapter.1}% 11
\BOOKMARK [1][-]{section.1.6}{Submission\040of\040files}{chapter.1}% 12
\BOOKMARK [1][-]{section.1.7}{Make-up}{chapter.1}% 13
\BOOKMARK [0][-]{chapter.2}{The\040PT3\040class\040file\040in\040detail}{part.1}% 14
\BOOKMARK [1][-]{section.2.1}{Topic\040boxes}{chapter.2}% 15
\BOOKMARK [1][-]{section.2.2}{Frenchspacing}{chapter.2}% 16
\BOOKMARK [1][-]{section.2.3}{Adding\040a\040subtitle\040to\040the\040front\040page}{chapter.2}% 17
\BOOKMARK [1][-]{section.2.4}{Adding\040a\040blank\040page\040to\040your\040document}{chapter.2}% 18
\BOOKMARK [1][-]{section.2.5}{Chapter\040numbering}{chapter.2}% 19
\BOOKMARK [1][-]{section.2.6}{Section\040numbering}{chapter.2}% 20
\BOOKMARK [1][-]{section.2.7}{Specifying\040running\040heads\040and\040toc\040entries}{chapter.2}% 21
\BOOKMARK [1][-]{section.2.8}{Adding\040author\(s\)\040name\(s\)\040and\040affiliation\(s\)}{chapter.2}% 22
\BOOKMARK [1][-]{section.2.9}{Changing\040the\040level\040of\040entries\040in\040the\040table\040of\040contents}{chapter.2}% 23
\BOOKMARK [1][-]{section.2.10}{List\040of\040contributors}{chapter.2}% 24
\BOOKMARK [1][-]{section.2.11}{Adding\040a\040Part\040quotation}{chapter.2}% 25
\BOOKMARK [1][-]{section.2.12}{Adding\040a\040Chapter\040quotation}{chapter.2}% 26
\BOOKMARK [1][-]{section.2.13}{Adding\040a\040`copyright'\040line\040to\040a\040chapter\040opening\040page}{chapter.2}% 27
\BOOKMARK [1][-]{section.2.14}{Lists}{chapter.2}% 28
\BOOKMARK [1][-]{section.2.15}{Extracts}{chapter.2}% 29
\BOOKMARK [1][-]{section.2.16}{Endnotes}{chapter.2}% 30
\BOOKMARK [1][-]{section.2.17}{Examples}{chapter.2}% 31
\BOOKMARK [1][-]{section.2.18}{Exercises}{chapter.2}% 32
\BOOKMARK [1][-]{section.2.19}{Problems}{chapter.2}% 33
\BOOKMARK [1][-]{section.2.20}{Margin\040boxes}{chapter.2}% 34
\BOOKMARK [1][-]{section.2.21}{Floating\040boxes}{chapter.2}% 35
\BOOKMARK [1][-]{section.2.22}{Figures}{chapter.2}% 36
\BOOKMARK [1][-]{section.2.23}{Tables}{chapter.2}% 37
\BOOKMARK [1][-]{section.2.24}{Landscape\040figures\040and\040tables,\040using\040rotating.sty}{chapter.2}% 38
\BOOKMARK [1][-]{section.2.25}{Summary}{chapter.2}% 39
\BOOKMARK [0][-]{chapter.3}{Mathematical\040solutions}{part.1}% 40
\BOOKMARK [1][-]{section.3.1}{Why\040are\040we\040using\040amsthm.sty?}{chapter.3}% 41
\BOOKMARK [1][-]{section.3.2}{amsthm\040styles}{chapter.3}% 42
\BOOKMARK [1][-]{section.3.3}{Proofs}{chapter.3}% 43
\BOOKMARK [1][-]{section.3.4}{Boxed\040equations}{chapter.3}% 44
\BOOKMARK [-1][-]{part.2}{Part\040II\040Closing\040features}{}% 45
\BOOKMARK [0][-]{chapter.4}{Reference\040and\040bibliography\040lists}{part.2}% 46
\BOOKMARK [1][-]{section.4.1}{Automatic\040lists\040using\040BibT.5exEX}{chapter.4}% 47
\BOOKMARK [1][-]{section.4.2}{Citations\040using\040natbib\040commands}{chapter.4}% 48
\BOOKMARK [1][-]{section.4.3}{How to change reference entries from author–date to numbers}{chapter.4}% 49
\BOOKMARK [1][-]{section.4.4}{Keying in your reference list for an author–date system}{chapter.4}% 50
\BOOKMARK [1][-]{section.4.5}{Keying\040in\040your\040reference\040list\040for\040a\040numbered\040system}{chapter.4}% 51
\BOOKMARK [0][-]{chapter.5}{Indexes}{part.2}% 52
\BOOKMARK [1][-]{section.5.1}{Creating\040a\040single\040index\040using\040makeidx.sty}{chapter.5}% 53
\BOOKMARK [1][-]{section.5.2}{Creating\040multiple\040indexes\040using\040multind.sty}{chapter.5}% 54
\BOOKMARK [1][-]{section.5.3}{Creating\040multiple\040indexes\040using\040index.sty}{chapter.5}% 55
\BOOKMARK [0][-]{appendix.A}{to\0401.15Appendix\040ATypesetting\040appendices}{part.2}% 56
\BOOKMARK [1][-]{section.A.1}{Single-contributor\040books}{appendix.A}% 57
\BOOKMARK [1][-]{section.A.2}{Multi-contributor\040books}{appendix.A}% 58
\BOOKMARK [1][-]{section.A.3}{Numbering\040systems}{appendix.A}% 59
\BOOKMARK [0][-]{appendix.B}{to\0401.15Appendix\040Bamsthm\040commands}{part.2}% 60
\BOOKMARK [0][-]{appendix.C}{to\0401.15Appendix\040CThe\040root\040file\040for\040this\040guide}{part.2}% 61
\BOOKMARK [0][-]{appendix*.9}{Notes}{part.2}% 62
\BOOKMARK [0][-]{appendix*.11}{References}{part.2}% 63
\BOOKMARK [0][-]{appendix*.11}{Author\040index}{part.2}% 64
\BOOKMARK [0][-]{appendix*.11}{Subject\040index}{part.2}% 65
