This is XeTeX, Version 3.14159265-2.6-0.99992 (TeX Live 2015) (preloaded format=xelatex 2015.8.24)  1 MAR 2018 13:11
entering extended mode
 restricted \write18 enabled.
 %&-line parsing enabled.
**tomDieck.tex
(./tomDieck.tex
LaTeX2e <2015/01/01>
Babel <3.9l> and hyphenation patterns for 79 languages loaded.
(./PT3.cls
Document Class: PT3 2010/12/03, v1.20 LaTeX2e document class
\AJW@indent=\dimen102
\AJW@floatindent=\dimen103
(/usr/local/texlive/2015/texmf-dist/tex/latex/graphics/color.sty
Package: color 2014/10/28 v1.1a Standard LaTeX Color (DPC)

(/usr/local/texlive/2015/texmf-dist/tex/latex/latexconfig/color.cfg
File: color.cfg 2007/01/18 v1.5 color configuration of teTeX/TeXLive
)
Package color Info: Driver file: xetex.def on input line 142.

(/usr/local/texlive/2015/texmf-dist/tex/xelatex/xetex-def/xetex.def
File: xetex.def 2015/03/25 v4.04 LaTeX color/graphics driver for XeTeX (TeX Liv
e/RRM/JK)
))
(/usr/local/texlive/2015/texmf-dist/tex/latex/framed/framed.sty
Package: framed 2011/10/22 v 0.96: framed or shaded text with page breaks
\OuterFrameSep=\skip41
\fb@frw=\dimen104
\fb@frh=\dimen105
\FrameRule=\dimen106
\FrameSep=\dimen107
)
\AJW@baseskip=\skip42
\AJW@theskip=\skip43
\AJW@measure=\dimen108
\AJW@headwidth=\dimen109
\fullwidth=\skip44
\AJW@headwidth=\dimen110
\chapbox=\box26
\chapwidth=\dimen111
\apptmp=\count79
\c@xhead=\count80
\c@yhead=\count81
\@dotbox=\box27
\c@part=\count82
\c@chapter=\count83
\c@section=\count84
\c@subsection=\count85
\c@subsubsection=\count86
\c@paragraph=\count87
\c@subparagraph=\count88
\c@example@bean=\count89
\tmp=\count90
\c@ex@bean=\count91
\tmp=\count92
\c@ex@beanbychapter=\count93
\c@pr@bean=\count94
\c@pr@beanbychapter=\count95
\AJW@tocindent=\dimen112
\AJW@toclmarg=\dimen113
\bibindent=\dimen114
\@footindent=\skip45
\c@endnote=\count96
\endnotesep=\dimen115
\@enotes=\write3
\figcapindent=\skip46
\figcapwidth=\skip47
\@figbox=\box28
\AJW@floatwidth=\dimen116
\c@figure=\count97
\c@table=\count98
\c@floatingbox=\count99
\temptbox=\box29
\tempdime=\dimen117
\temptbox=\box30
)
(/usr/local/texlive/2015/texmf-dist/tex/latex/pgf/frontendlayer/tikz.sty
(/usr/local/texlive/2015/texmf-dist/tex/latex/pgf/basiclayer/pgf.sty
(/usr/local/texlive/2015/texmf-dist/tex/latex/pgf/utilities/pgfrcs.sty
(/usr/local/texlive/2015/texmf-dist/tex/generic/pgf/utilities/pgfutil-common.te
x
\pgfutil@everybye=\toks14
\pgfutil@tempdima=\dimen118
\pgfutil@tempdimb=\dimen119

(/usr/local/texlive/2015/texmf-dist/tex/generic/pgf/utilities/pgfutil-common-li
sts.tex))
(/usr/local/texlive/2015/texmf-dist/tex/generic/pgf/utilities/pgfutil-latex.def
\pgfutil@abb=\box31
(/usr/local/texlive/2015/texmf-dist/tex/latex/ms/everyshi.sty
Package: everyshi 2001/05/15 v3.00 EveryShipout Package (MS)
))
(/usr/local/texlive/2015/texmf-dist/tex/generic/pgf/utilities/pgfrcs.code.tex
Package: pgfrcs 2013/12/20 v3.0.0 (rcs-revision 1.28)
))
Package: pgf 2013/12/18 v3.0.0 (rcs-revision 1.14)
(/usr/local/texlive/2015/texmf-dist/tex/latex/pgf/basiclayer/pgfcore.sty
(/usr/local/texlive/2015/texmf-dist/tex/latex/graphics/graphicx.sty
Package: graphicx 2014/10/28 v1.0g Enhanced LaTeX Graphics (DPC,SPQR)

(/usr/local/texlive/2015/texmf-dist/tex/latex/graphics/keyval.sty
Package: keyval 2014/10/28 v1.15 key=value parser (DPC)
\KV@toks@=\toks15
)
(/usr/local/texlive/2015/texmf-dist/tex/latex/graphics/graphics.sty
Package: graphics 2014/10/28 v1.0p Standard LaTeX Graphics (DPC,SPQR)

(/usr/local/texlive/2015/texmf-dist/tex/latex/graphics/trig.sty
Package: trig 1999/03/16 v1.09 sin cos tan (DPC)
)
(/usr/local/texlive/2015/texmf-dist/tex/latex/latexconfig/graphics.cfg
File: graphics.cfg 2010/04/23 v1.9 graphics configuration of TeX Live
)
Package graphics Info: Driver file: xetex.def on input line 94.
)
\Gin@req@height=\dimen120
\Gin@req@width=\dimen121
)
(/usr/local/texlive/2015/texmf-dist/tex/latex/pgf/systemlayer/pgfsys.sty
(/usr/local/texlive/2015/texmf-dist/tex/generic/pgf/systemlayer/pgfsys.code.tex
Package: pgfsys 2013/11/30 v3.0.0 (rcs-revision 1.47)
(/usr/local/texlive/2015/texmf-dist/tex/generic/pgf/utilities/pgfkeys.code.tex
\pgfkeys@pathtoks=\toks16
\pgfkeys@temptoks=\toks17

(/usr/local/texlive/2015/texmf-dist/tex/generic/pgf/utilities/pgfkeysfiltered.c
ode.tex
\pgfkeys@tmptoks=\toks18
))
\pgf@x=\dimen122
\pgf@y=\dimen123
\pgf@xa=\dimen124
\pgf@ya=\dimen125
\pgf@xb=\dimen126
\pgf@yb=\dimen127
\pgf@xc=\dimen128
\pgf@yc=\dimen129
\w@pgf@writea=\write4
\r@pgf@reada=\read1
\c@pgf@counta=\count100
\c@pgf@countb=\count101
\c@pgf@countc=\count102
\c@pgf@countd=\count103
\t@pgf@toka=\toks19
\t@pgf@tokb=\toks20
\t@pgf@tokc=\toks21

(/usr/local/texlive/2015/texmf-dist/tex/generic/pgf/systemlayer/pgf.cfg
File: pgf.cfg 2008/05/14  (rcs-revision 1.7)
)
Driver file for pgf: pgfsys-xetex.def

(/usr/local/texlive/2015/texmf-dist/tex/generic/pgf/systemlayer/pgfsys-xetex.de
f
File: pgfsys-xetex.def 2013/07/16  (rcs-revision 1.9)

(/usr/local/texlive/2015/texmf-dist/tex/generic/pgf/systemlayer/pgfsys-dvipdfmx
.def
File: pgfsys-dvipdfmx.def 2013/08/28  (rcs-revision 1.12)

(/usr/local/texlive/2015/texmf-dist/tex/generic/pgf/systemlayer/pgfsys-common-p
df.def
File: pgfsys-common-pdf.def 2013/10/10  (rcs-revision 1.13)
)
\pgfsys@objnum=\count104
)))
(/usr/local/texlive/2015/texmf-dist/tex/generic/pgf/systemlayer/pgfsyssoftpath.
code.tex
File: pgfsyssoftpath.code.tex 2013/09/09  (rcs-revision 1.9)
\pgfsyssoftpath@smallbuffer@items=\count105
\pgfsyssoftpath@bigbuffer@items=\count106
)
(/usr/local/texlive/2015/texmf-dist/tex/generic/pgf/systemlayer/pgfsysprotocol.
code.tex
File: pgfsysprotocol.code.tex 2006/10/16  (rcs-revision 1.4)
)) (/usr/local/texlive/2015/texmf-dist/tex/latex/xcolor/xcolor.sty
Package: xcolor 2007/01/21 v2.11 LaTeX color extensions (UK)

(/usr/local/texlive/2015/texmf-dist/tex/latex/latexconfig/color.cfg
File: color.cfg 2007/01/18 v1.5 color configuration of teTeX/TeXLive
)
Package xcolor Info: Driver file: xetex.def on input line 225.
LaTeX Info: Redefining \color on input line 702.
Package xcolor Info: Model `cmy' substituted by `cmy0' on input line 1337.
Package xcolor Info: Model `RGB' extended on input line 1353.
Package xcolor Info: Model `HTML' substituted by `rgb' on input line 1355.
Package xcolor Info: Model `Hsb' substituted by `hsb' on input line 1356.
Package xcolor Info: Model `tHsb' substituted by `hsb' on input line 1357.
Package xcolor Info: Model `HSB' substituted by `hsb' on input line 1358.
Package xcolor Info: Model `Gray' substituted by `gray' on input line 1359.
Package xcolor Info: Model `wave' substituted by `hsb' on input line 1360.
)
(/usr/local/texlive/2015/texmf-dist/tex/generic/pgf/basiclayer/pgfcore.code.tex
Package: pgfcore 2010/04/11 v3.0.0 (rcs-revision 1.7)
(/usr/local/texlive/2015/texmf-dist/tex/generic/pgf/math/pgfmath.code.tex
(/usr/local/texlive/2015/texmf-dist/tex/generic/pgf/math/pgfmathcalc.code.tex
(/usr/local/texlive/2015/texmf-dist/tex/generic/pgf/math/pgfmathutil.code.tex)
(/usr/local/texlive/2015/texmf-dist/tex/generic/pgf/math/pgfmathparser.code.tex
\pgfmath@dimen=\dimen130
\pgfmath@count=\count107
\pgfmath@box=\box32
\pgfmath@toks=\toks22
\pgfmath@stack@operand=\toks23
\pgfmath@stack@operation=\toks24
)
(/usr/local/texlive/2015/texmf-dist/tex/generic/pgf/math/pgfmathfunctions.code.
tex
(/usr/local/texlive/2015/texmf-dist/tex/generic/pgf/math/pgfmathfunctions.basic
.code.tex)
(/usr/local/texlive/2015/texmf-dist/tex/generic/pgf/math/pgfmathfunctions.trigo
nometric.code.tex)
(/usr/local/texlive/2015/texmf-dist/tex/generic/pgf/math/pgfmathfunctions.rando
m.code.tex)
(/usr/local/texlive/2015/texmf-dist/tex/generic/pgf/math/pgfmathfunctions.compa
rison.code.tex)
(/usr/local/texlive/2015/texmf-dist/tex/generic/pgf/math/pgfmathfunctions.base.
code.tex)
(/usr/local/texlive/2015/texmf-dist/tex/generic/pgf/math/pgfmathfunctions.round
.code.tex)
(/usr/local/texlive/2015/texmf-dist/tex/generic/pgf/math/pgfmathfunctions.misc.
code.tex)
(/usr/local/texlive/2015/texmf-dist/tex/generic/pgf/math/pgfmathfunctions.integ
erarithmetics.code.tex)))
(/usr/local/texlive/2015/texmf-dist/tex/generic/pgf/math/pgfmathfloat.code.tex
\c@pgfmathroundto@lastzeros=\count108
))
(/usr/local/texlive/2015/texmf-dist/tex/generic/pgf/basiclayer/pgfcorepoints.co
de.tex
File: pgfcorepoints.code.tex 2013/10/07  (rcs-revision 1.27)
\pgf@picminx=\dimen131
\pgf@picmaxx=\dimen132
\pgf@picminy=\dimen133
\pgf@picmaxy=\dimen134
\pgf@pathminx=\dimen135
\pgf@pathmaxx=\dimen136
\pgf@pathminy=\dimen137
\pgf@pathmaxy=\dimen138
\pgf@xx=\dimen139
\pgf@xy=\dimen140
\pgf@yx=\dimen141
\pgf@yy=\dimen142
\pgf@zx=\dimen143
\pgf@zy=\dimen144
)
(/usr/local/texlive/2015/texmf-dist/tex/generic/pgf/basiclayer/pgfcorepathconst
ruct.code.tex
File: pgfcorepathconstruct.code.tex 2013/10/07  (rcs-revision 1.29)
\pgf@path@lastx=\dimen145
\pgf@path@lasty=\dimen146
)
(/usr/local/texlive/2015/texmf-dist/tex/generic/pgf/basiclayer/pgfcorepathusage
.code.tex
File: pgfcorepathusage.code.tex 2013/12/13  (rcs-revision 1.23)
\pgf@shorten@end@additional=\dimen147
\pgf@shorten@start@additional=\dimen148
)
(/usr/local/texlive/2015/texmf-dist/tex/generic/pgf/basiclayer/pgfcorescopes.co
de.tex
File: pgfcorescopes.code.tex 2013/10/09  (rcs-revision 1.44)
\pgfpic=\box33
\pgf@hbox=\box34
\pgf@layerbox@main=\box35
\pgf@picture@serial@count=\count109
)
(/usr/local/texlive/2015/texmf-dist/tex/generic/pgf/basiclayer/pgfcoregraphicst
ate.code.tex
File: pgfcoregraphicstate.code.tex 2013/09/19  (rcs-revision 1.11)
\pgflinewidth=\dimen149
)
(/usr/local/texlive/2015/texmf-dist/tex/generic/pgf/basiclayer/pgfcoretransform
ations.code.tex
File: pgfcoretransformations.code.tex 2013/10/10  (rcs-revision 1.17)
\pgf@pt@x=\dimen150
\pgf@pt@y=\dimen151
\pgf@pt@temp=\dimen152
)
(/usr/local/texlive/2015/texmf-dist/tex/generic/pgf/basiclayer/pgfcorequick.cod
e.tex
File: pgfcorequick.code.tex 2008/10/09  (rcs-revision 1.3)
)
(/usr/local/texlive/2015/texmf-dist/tex/generic/pgf/basiclayer/pgfcoreobjects.c
ode.tex
File: pgfcoreobjects.code.tex 2006/10/11  (rcs-revision 1.2)
)
(/usr/local/texlive/2015/texmf-dist/tex/generic/pgf/basiclayer/pgfcorepathproce
ssing.code.tex
File: pgfcorepathprocessing.code.tex 2013/09/09  (rcs-revision 1.9)
)
(/usr/local/texlive/2015/texmf-dist/tex/generic/pgf/basiclayer/pgfcorearrows.co
de.tex
File: pgfcorearrows.code.tex 2013/11/07  (rcs-revision 1.40)
\pgfarrowsep=\dimen153
)
(/usr/local/texlive/2015/texmf-dist/tex/generic/pgf/basiclayer/pgfcoreshade.cod
e.tex
File: pgfcoreshade.code.tex 2013/07/15  (rcs-revision 1.15)
\pgf@max=\dimen154
\pgf@sys@shading@range@num=\count110
)
(/usr/local/texlive/2015/texmf-dist/tex/generic/pgf/basiclayer/pgfcoreimage.cod
e.tex
File: pgfcoreimage.code.tex 2013/07/15  (rcs-revision 1.18)

(/usr/local/texlive/2015/texmf-dist/tex/generic/pgf/basiclayer/pgfcoreexternal.
code.tex
File: pgfcoreexternal.code.tex 2013/07/15  (rcs-revision 1.20)
\pgfexternal@startupbox=\box36
))
(/usr/local/texlive/2015/texmf-dist/tex/generic/pgf/basiclayer/pgfcorelayers.co
de.tex
File: pgfcorelayers.code.tex 2013/07/18  (rcs-revision 1.7)
)
(/usr/local/texlive/2015/texmf-dist/tex/generic/pgf/basiclayer/pgfcoretranspare
ncy.code.tex
File: pgfcoretransparency.code.tex 2013/09/30  (rcs-revision 1.5)
)
(/usr/local/texlive/2015/texmf-dist/tex/generic/pgf/basiclayer/pgfcorepatterns.
code.tex
File: pgfcorepatterns.code.tex 2013/11/07  (rcs-revision 1.5)
)))
(/usr/local/texlive/2015/texmf-dist/tex/generic/pgf/modules/pgfmoduleshapes.cod
e.tex
File: pgfmoduleshapes.code.tex 2013/10/31  (rcs-revision 1.34)
\pgfnodeparttextbox=\box37
)
(/usr/local/texlive/2015/texmf-dist/tex/generic/pgf/modules/pgfmoduleplot.code.
tex
File: pgfmoduleplot.code.tex 2013/07/31  (rcs-revision 1.12)
)
(/usr/local/texlive/2015/texmf-dist/tex/latex/pgf/compatibility/pgfcomp-version
-0-65.sty
Package: pgfcomp-version-0-65 2007/07/03 v3.0.0 (rcs-revision 1.7)
\pgf@nodesepstart=\dimen155
\pgf@nodesepend=\dimen156
)
(/usr/local/texlive/2015/texmf-dist/tex/latex/pgf/compatibility/pgfcomp-version
-1-18.sty
Package: pgfcomp-version-1-18 2007/07/23 v3.0.0 (rcs-revision 1.1)
))
(/usr/local/texlive/2015/texmf-dist/tex/latex/pgf/utilities/pgffor.sty
(/usr/local/texlive/2015/texmf-dist/tex/latex/pgf/utilities/pgfkeys.sty
(/usr/local/texlive/2015/texmf-dist/tex/generic/pgf/utilities/pgfkeys.code.tex)
) (/usr/local/texlive/2015/texmf-dist/tex/latex/pgf/math/pgfmath.sty
(/usr/local/texlive/2015/texmf-dist/tex/generic/pgf/math/pgfmath.code.tex))
(/usr/local/texlive/2015/texmf-dist/tex/generic/pgf/utilities/pgffor.code.tex
Package: pgffor 2013/12/13 v3.0.0 (rcs-revision 1.25)

(/usr/local/texlive/2015/texmf-dist/tex/generic/pgf/math/pgfmath.code.tex)
\pgffor@iter=\dimen157
\pgffor@skip=\dimen158
\pgffor@stack=\toks25
\pgffor@toks=\toks26
))
(/usr/local/texlive/2015/texmf-dist/tex/generic/pgf/frontendlayer/tikz/tikz.cod
e.tex
Package: tikz 2013/12/13 v3.0.0 (rcs-revision 1.142)

(/usr/local/texlive/2015/texmf-dist/tex/generic/pgf/libraries/pgflibraryplothan
dlers.code.tex
File: pgflibraryplothandlers.code.tex 2013/08/31 v3.0.0 (rcs-revision 1.20)
\pgf@plot@mark@count=\count111
\pgfplotmarksize=\dimen159
)
\tikz@lastx=\dimen160
\tikz@lasty=\dimen161
\tikz@lastxsaved=\dimen162
\tikz@lastysaved=\dimen163
\tikzleveldistance=\dimen164
\tikzsiblingdistance=\dimen165
\tikz@figbox=\box38
\tikz@figbox@bg=\box39
\tikz@tempbox=\box40
\tikz@tempbox@bg=\box41
\tikztreelevel=\count112
\tikznumberofchildren=\count113
\tikznumberofcurrentchild=\count114
\tikz@fig@count=\count115

(/usr/local/texlive/2015/texmf-dist/tex/generic/pgf/modules/pgfmodulematrix.cod
e.tex
File: pgfmodulematrix.code.tex 2013/09/17  (rcs-revision 1.8)
\pgfmatrixcurrentrow=\count116
\pgfmatrixcurrentcolumn=\count117
\pgf@matrix@numberofcolumns=\count118
)
\tikz@expandcount=\count119

(/usr/local/texlive/2015/texmf-dist/tex/generic/pgf/frontendlayer/tikz/librarie
s/tikzlibrarytopaths.code.tex
File: tikzlibrarytopaths.code.tex 2008/06/17 v3.0.0 (rcs-revision 1.2)
)))
(/usr/local/texlive/2015/texmf-dist/tex/latex/tikz-cd/tikz-cd.sty
Package: tikz-cd 2014/10/30 v0.9e Commutative diagrams with tikz

(/usr/local/texlive/2015/texmf-dist/tex/generic/tikz-cd/tikzlibrarycd.code.tex
(/usr/local/texlive/2015/texmf-dist/tex/generic/pgf/frontendlayer/tikz/librarie
s/tikzlibrarymatrix.code.tex
File: tikzlibrarymatrix.code.tex 2013/07/12 v3.0.0 (rcs-revision 1.4)
)
(/usr/local/texlive/2015/texmf-dist/tex/generic/pgf/frontendlayer/tikz/librarie
s/tikzlibraryquotes.code.tex
File: tikzlibraryquotes.code.tex 2013/08/28 v3.0.0 (rcs-revision 1.3)
)
(/usr/local/texlive/2015/texmf-dist/tex/generic/pgf/libraries/pgflibraryarrows.
meta.code.tex
File: pgflibraryarrows.meta.code.tex 2013/12/13 v3.0.0 (rcs-revision 1.12)
\pgfarrowinset=\dimen166
\pgfarrowlength=\dimen167
\pgfarrowwidth=\dimen168
\pgfarrowlinewidth=\dimen169
))) (./natbib.sty
Package: natbib 2009/02/02 8.3 (PWD, AO)
\bibhang=\skip48
\bibsep=\skip49
LaTeX Info: Redefining \cite on input line 694.
\c@NAT@ctr=\count120
) (./rotating.sty
Package: rotating 2008/10/05 v2.15c rotated objects in LaTeX

(/usr/local/texlive/2015/texmf-dist/tex/latex/base/ifthen.sty
Package: ifthen 2014/09/29 v1.1c Standard LaTeX ifthen package (DPC)
)
\c@r@tfl@t=\count121
\rotFPtop=\skip50
\rotFPbot=\skip51
\rot@float@box=\box42
\rot@mess@toks=\toks27
) (./floatpag.sty
Package: floatpag 1999/04/29 FLOAT PAGESTYLE
) (/usr/local/texlive/2015/texmf-dist/tex/latex/amscls/amsthm.sty
Package: amsthm 2015/03/04 v2.20.2
\thm@style=\toks28
\thm@bodyfont=\toks29
\thm@headfont=\toks30
\thm@notefont=\toks31
\thm@headpunct=\toks32
\thm@preskip=\skip52
\thm@postskip=\skip53
\thm@headsep=\skip54
\dth@everypar=\toks33
)
(/usr/local/texlive/2015/texmf-dist/tex/latex/hyperref/hyperref.sty
Package: hyperref 2012/11/06 v6.83m Hypertext links for LaTeX

(/usr/local/texlive/2015/texmf-dist/tex/generic/oberdiek/hobsub-hyperref.sty
Package: hobsub-hyperref 2012/05/28 v1.13 Bundle oberdiek, subset hyperref (HO)


(/usr/local/texlive/2015/texmf-dist/tex/generic/oberdiek/hobsub-generic.sty
Package: hobsub-generic 2012/05/28 v1.13 Bundle oberdiek, subset generic (HO)
Package: hobsub 2012/05/28 v1.13 Construct package bundles (HO)
Package: infwarerr 2010/04/08 v1.3 Providing info/warning/error messages (HO)
Package: ltxcmds 2011/11/09 v1.22 LaTeX kernel commands for general use (HO)
Package: ifluatex 2010/03/01 v1.3 Provides the ifluatex switch (HO)
Package ifluatex Info: LuaTeX not detected.
Package: ifvtex 2010/03/01 v1.5 Detect VTeX and its facilities (HO)
Package ifvtex Info: VTeX not detected.
Package: intcalc 2007/09/27 v1.1 Expandable calculations with integers (HO)
Package: ifpdf 2011/01/30 v2.3 Provides the ifpdf switch (HO)
Package ifpdf Info: pdfTeX in PDF mode is not detected.
Package: etexcmds 2011/02/16 v1.5 Avoid name clashes with e-TeX commands (HO)
Package etexcmds Info: Could not find \expanded.
(etexcmds)             That can mean that you are not using pdfTeX 1.50 or
(etexcmds)             that some package has redefined \expanded.
(etexcmds)             In the latter case, load this package earlier.
Package: kvsetkeys 2012/04/25 v1.16 Key value parser (HO)
Package: kvdefinekeys 2011/04/07 v1.3 Define keys (HO)
Package: pdftexcmds 2011/11/29 v0.20 Utility functions of pdfTeX for LuaTeX (HO
)
Package pdftexcmds Info: LuaTeX not detected.
Package pdftexcmds Info: pdfTeX >= 1.30 not detected.
Package pdftexcmds Info: \pdf@primitive is available.
Package pdftexcmds Info: \pdf@ifprimitive is available.
Package pdftexcmds Info: \pdfdraftmode not found.
Package: pdfescape 2011/11/25 v1.13 Implements pdfTeX's escape features (HO)
Package: bigintcalc 2012/04/08 v1.3 Expandable calculations on big integers (HO
)
Package: bitset 2011/01/30 v1.1 Handle bit-vector datatype (HO)
Package: uniquecounter 2011/01/30 v1.2 Provide unlimited unique counter (HO)
)
Package hobsub Info: Skipping package `hobsub' (already loaded).
Package: letltxmacro 2010/09/02 v1.4 Let assignment for LaTeX macros (HO)
Package: hopatch 2012/05/28 v1.2 Wrapper for package hooks (HO)
Package: xcolor-patch 2011/01/30 xcolor patch
Package: atveryend 2011/06/30 v1.8 Hooks at the very end of document (HO)
Package atveryend Info: \enddocument detected (standard20110627).
Package: atbegshi 2011/10/05 v1.16 At begin shipout hook (HO)
Package: refcount 2011/10/16 v3.4 Data extraction from label references (HO)
Package: hycolor 2011/01/30 v1.7 Color options for hyperref/bookmark (HO)
)
(/usr/local/texlive/2015/texmf-dist/tex/generic/ifxetex/ifxetex.sty
Package: ifxetex 2010/09/12 v0.6 Provides ifxetex conditional
)
(/usr/local/texlive/2015/texmf-dist/tex/latex/oberdiek/auxhook.sty
Package: auxhook 2011/03/04 v1.3 Hooks for auxiliary files (HO)
)
(/usr/local/texlive/2015/texmf-dist/tex/latex/oberdiek/kvoptions.sty
Package: kvoptions 2011/06/30 v3.11 Key value format for package options (HO)
)
\@linkdim=\dimen170
\Hy@linkcounter=\count122
\Hy@pagecounter=\count123

(/usr/local/texlive/2015/texmf-dist/tex/latex/hyperref/pd1enc.def
File: pd1enc.def 2012/11/06 v6.83m Hyperref: PDFDocEncoding definition (HO)
)
\Hy@SavedSpaceFactor=\count124

(/usr/local/texlive/2015/texmf-dist/tex/latex/latexconfig/hyperref.cfg
File: hyperref.cfg 2002/06/06 v1.2 hyperref configuration of TeXLive
)
Package hyperref Info: Hyper figures OFF on input line 4443.
Package hyperref Info: Link nesting OFF on input line 4448.
Package hyperref Info: Hyper index ON on input line 4451.
Package hyperref Info: Plain pages OFF on input line 4458.
Package hyperref Info: Backreferencing OFF on input line 4463.
Package hyperref Info: Implicit mode ON; LaTeX internals redefined.
Package hyperref Info: Bookmarks ON on input line 4688.
\c@Hy@tempcnt=\count125

(/usr/local/texlive/2015/texmf-dist/tex/latex/url/url.sty
\Urlmuskip=\muskip10
Package: url 2013/09/16  ver 3.4  Verb mode for urls, etc.
)
LaTeX Info: Redefining \url on input line 5041.
\XeTeXLinkMargin=\dimen171
\Fld@menulength=\count126
\Field@Width=\dimen172
\Fld@charsize=\dimen173
Package hyperref Info: Hyper figures OFF on input line 6295.
Package hyperref Info: Link nesting OFF on input line 6300.
Package hyperref Info: Hyper index ON on input line 6303.
Package hyperref Info: backreferencing OFF on input line 6310.
Package hyperref Info: Link coloring OFF on input line 6315.
Package hyperref Info: Link coloring with OCG OFF on input line 6320.
Package hyperref Info: PDF/A mode OFF on input line 6325.
LaTeX Info: Redefining \ref on input line 6365.
LaTeX Info: Redefining \pageref on input line 6369.
\Hy@abspage=\count127
\c@Item=\count128
\c@Hfootnote=\count129
)

Package hyperref Message: Driver (autodetected): hxetex.

(/usr/local/texlive/2015/texmf-dist/tex/latex/hyperref/hxetex.def
File: hxetex.def 2012/11/06 v6.83m Hyperref driver for XeTeX

(/usr/local/texlive/2015/texmf-dist/tex/latex/hyperref/puenc.def
File: puenc.def 2012/11/06 v6.83m Hyperref: PDF Unicode definition (HO)
)
(/usr/local/texlive/2015/texmf-dist/tex/generic/oberdiek/stringenc.sty
Package: stringenc 2011/12/02 v1.10 Convert strings between diff. encodings (HO
)
)
\pdfm@box=\box43
\c@Hy@AnnotLevel=\count130
\HyField@AnnotCount=\count131
\Fld@listcount=\count132
\c@bookmark@seq@number=\count133

(/usr/local/texlive/2015/texmf-dist/tex/latex/oberdiek/rerunfilecheck.sty
Package: rerunfilecheck 2011/04/15 v1.7 Rerun checks for auxiliary files (HO)
Package rerunfilecheck Info: Feature \pdfmdfivesum is not available
(rerunfilecheck)             (e.g. pdfTeX or LuaTeX with package `pdftexcmds').

(rerunfilecheck)             Therefore file contents cannot be checked efficien
tly
(rerunfilecheck)             and the loading of the package is aborted.
)
\Hy@SectionHShift=\skip55
)
(./multind.sty)

LaTeX Warning: You have requested package `',
               but the package provides `multind'.

Package: multind 
\authors@idxfile=\write5
\openout5 = `authors.idx'.

Writing index file authors.idx 
\subject@idxfile=\write6
\openout6 = `subject.idx'.

Writing index file subject.idx 
\c@theorem=\count134
(./tomDieck.aux (./chap1.aux) (./chap2.aux) (./chap3.aux) (./chap4.aux)
(./chap5.aux) (./appendixA.aux) (./appendixB.aux) (./appendixC.aux))
\openout1 = `tomDieck.aux'.

LaTeX Font Info:    Checking defaults for OML/cmm/m/it on input line 73.
LaTeX Font Info:    ... okay on input line 73.
LaTeX Font Info:    Checking defaults for T1/cmr/m/n on input line 73.
LaTeX Font Info:    ... okay on input line 73.
LaTeX Font Info:    Checking defaults for OT1/cmr/m/n on input line 73.
LaTeX Font Info:    ... okay on input line 73.
LaTeX Font Info:    Checking defaults for OMS/cmsy/m/n on input line 73.
LaTeX Font Info:    ... okay on input line 73.
LaTeX Font Info:    Checking defaults for OMX/cmex/m/n on input line 73.
LaTeX Font Info:    ... okay on input line 73.
LaTeX Font Info:    Checking defaults for U/cmr/m/n on input line 73.
LaTeX Font Info:    ... okay on input line 73.
LaTeX Font Info:    Checking defaults for PD1/pdf/m/n on input line 73.
LaTeX Font Info:    ... okay on input line 73.
LaTeX Font Info:    Checking defaults for PU/pdf/m/n on input line 73.
LaTeX Font Info:    ... okay on input line 73.

ABD: EveryShipout initializing macros
\AtBeginShipoutBox=\box44
Package hyperref Info: Link coloring OFF on input line 73.

(/usr/local/texlive/2015/texmf-dist/tex/latex/hyperref/nameref.sty
Package: nameref 2012/10/27 v2.43 Cross-referencing by name of section

(/usr/local/texlive/2015/texmf-dist/tex/generic/oberdiek/gettitlestring.sty
Package: gettitlestring 2010/12/03 v1.4 Cleanup title references (HO)
)
\c@section@level=\count135
)
LaTeX Info: Redefining \ref on input line 73.
LaTeX Info: Redefining \pageref on input line 73.
LaTeX Info: Redefining \nameref on input line 73.

(./tomDieck.out) (./tomDieck.out)
\@outlinefile=\write7
\openout7 = `tomDieck.out'.


No file tomDieck.ttl.
(/usr/local/texlive/2015/texmf-dist/tex/generic/oberdiek/se-ascii-print.def
File: se-ascii-print.def 2011/12/02 v1.10 stringenc: Printable ASCII characters

)
[1


] [2

]
LaTeX Font Info:    External font `cmex10' loaded for size
(Font)              <7> on input line 84.
LaTeX Font Info:    External font `cmex10' loaded for size
(Font)              <5> on input line 84.
File: PT3chrule.eps Graphic file (type eps)
 <PT3chrule.eps> (./tomDieck.toc

Package xcolor Warning: Incompatible color definition on input line 31.


Underfull \hbox (badness 10000) has occurred while \output is active
[]
 []

[3

]
File: PT3header.eps Graphic file (type eps)
 <PT3header.eps>
Overfull \vbox (7.8pt too high) has occurred while \output is active []

 [4])
\tf@toc=\write8
\openout8 = `tomDieck.toc'.

File: PT3header.eps Graphic file (type eps)

<PT3header.eps>
Overfull \vbox (7.8pt too high) has occurred while \output is active []

 [5]
File: PT3chrule.eps Graphic file (type eps)

<PT3chrule.eps>

Package hyperref Warning: bookmark level for unknown schapter defaults to 0.

(./tomDieck.lof)
\tf@lof=\write9
\openout9 = `tomDieck.lof'.



Package xcolor Warning: Incompatible color definition on input line 86.


Underfull \hbox (badness 10000) has occurred while \output is active
[]
 []

[6

]
File: PT3chrule.eps Graphic file (type eps)
 <PT3chrule.eps> (./tomDieck.lot)
\tf@lot=\write10
\openout10 = `tomDieck.lot'.



Package xcolor Warning: Incompatible color definition on input line 87.


Underfull \hbox (badness 10000) has occurred while \output is active
[]
 []

[7

]
File: PT3chrule.eps Graphic file (type eps)
 <PT3chrule.eps> (./tomDieck.lofb)
\tf@lofb=\write11
\openout11 = `tomDieck.lofb'.



Package xcolor Warning: Incompatible color definition on input line 88.


Underfull \hbox (badness 10000) has occurred while \output is active
[]
 []

[8

]
File: PT3chrule.eps Graphic file (type eps)
 <PT3chrule.eps> (./tomDieck.loc
Overfull \hbox (3.83723pt too wide) in paragraph at lines 2--2
 [] []\OT1/cmr/m/n/10 David Tranah  \OT1/cmr/m/it/10 Cambridge Uni-ver-sity Pre
ss, The Ed-in-burgh Build-ing, Shaftes-
 []

)
\tf@loc=\write12
\openout12 = `tomDieck.loc'.



Package xcolor Warning: Incompatible color definition on input line 90.


Underfull \hbox (badness 10000) has occurred while \output is active
[]
 []

[9

] [10

]
File: PT3chrule.eps Graphic file (type eps)
 <PT3chrule.eps>

LaTeX Font Warning: Font shape `OT1/cmr/m/n' in size <22> not available
(Font)              size <20.74> substituted on input line 94.


LaTeX Font Warning: Font shape `OT1/cmss/m/n' in size <22> not available
(Font)              size <20.74> substituted on input line 94.


LaTeX Font Warning: Font shape `OT1/cmss/bx/n' in size <22> not available
(Font)              size <20.74> substituted on input line 94.


LaTeX Font Warning: Font shape `OT1/cmr/m/n' in size <30> not available
(Font)              size <24.88> substituted on input line 94.


LaTeX Font Warning: Font shape `OT1/cmss/m/n' in size <30> not available
(Font)              size <24.88> substituted on input line 94.


Package xcolor Warning: Incompatible color definition on input line 94.

[1

] [2

]
\openout2 = `chap1.aux'.

 (./chap1.tex
Chapter 1.
File: PT3chrule.eps Graphic file (type eps)
<PT3chrule.eps>
Underfull \hbox (badness 10000) in paragraph at lines 4--4

 []


LaTeX Font Warning: Font shape `OT1/cmr/m/n' in size <15> not available
(Font)              size <14.4> substituted on input line 16.


LaTeX Font Warning: Font shape `OT1/cmss/m/n' in size <15> not available
(Font)              size <14.4> substituted on input line 16.


LaTeX Font Warning: Font shape `OT1/cmss/bx/n' in size <15> not available
(Font)              size <14.4> substituted on input line 16.


LaTeX Font Warning: Font shape `OT1/cmr/bx/n' in size <15> not available
(Font)              size <14.4> substituted on input line 16.


LaTeX Font Warning: Font shape `OML/cmm/b/it' in size <15> not available
(Font)              size <14.4> substituted on input line 16.


LaTeX Font Warning: Font shape `OMS/cmsy/b/n' in size <15> not available
(Font)              size <14.4> substituted on input line 16.

LaTeX Font Info:    External font `cmex10' loaded for size
(Font)              <15> on input line 16.
LaTeX Font Info:    External font `cmex10' loaded for size
(Font)              <12> on input line 16.

LaTeX Font Warning: Font shape `OML/cmm/m/it' in size <15> not available
(Font)              size <14.4> substituted on input line 16.


LaTeX Font Warning: Font shape `OMS/cmsy/m/n' in size <15> not available
(Font)              size <14.4> substituted on input line 16.

File: PT3secrule.eps Graphic file (type eps)
<PT3secrule.eps>
File: PT3secrule.eps Graphic file (type eps)
 <PT3secrule.eps>

Package hyperref Warning: Token not allowed in a PDF string (Unicode):
(hyperref)                removing `\hbox' on input line 21.


Underfull \vbox (badness 10000) has occurred while \output is active []



Package xcolor Warning: Incompatible color definition on input line 24.


Underfull \hbox (badness 10000) has occurred while \output is active
[]
 []

[3


]
File: PT3secrule.eps Graphic file (type eps)
 <PT3secrule.eps>

Package hyperref Warning: Token not allowed in a PDF string (Unicode):
(hyperref)                removing `\hbox' on input line 25.


Overfull \hbox (33.47087pt too wide) in paragraph at lines 28--40
\OT1/cmr/m/n/10 clude []\OT1/cmtt/m/n/10 multind.sty\OT1/cmr/m/n/10 , you must 
also in-sert the com-mand []\OT1/cmtt/m/n/10 \ProvidesPackage{multind}\OT1/cmr/
m/n/10 .
 []

File: PT3secrule.eps Graphic file (type eps)
<PT3secrule.eps>
Underfull \vbox (badness 2376) has occurred while \output is active []

File: PT3header.eps Graphic file (type eps)

<PT3header.eps>
Overfull \vbox (7.8pt too high) has occurred while \output is active []

 [4]
File: PT3secrule.eps Graphic file (type eps)

<PT3secrule.eps>

LaTeX Font Warning: Font shape `OT1/cmr/m/n' in size <13> not available
(Font)              size <12> substituted on input line 63.


LaTeX Font Warning: Font shape `OT1/cmss/m/n' in size <13> not available
(Font)              size <12> substituted on input line 63.


LaTeX Font Warning: Font shape `OT1/cmss/bx/n' in size <13> not available
(Font)              size <12> substituted on input line 63.


Package xcolor Warning: Incompatible color definition on input line 63.


Overfull \hbox (0.30627pt too wide) in paragraph at lines 66--68
\OT1/cmr/m/n/10 http://www.ctan.org/tex-archive/fonts/psfonts/psnfss-source/mat
hptmx/ 
 []

LaTeX Font Info:    External font `cmex10' loaded for size
(Font)              <8> on input line 73.
LaTeX Font Info:    External font `cmex10' loaded for size
(Font)              <6> on input line 73.

Package xcolor Warning: Incompatible color definition on input line 75.

File: PT3header.eps Graphic file (type eps)
<PT3header.eps>
Overfull \vbox (7.8pt too high) has occurred while \output is active []

 [5]
File: PT3secrule.eps Graphic file (type eps)

<PT3secrule.eps>
File: PT3secrule.eps Graphic file (type eps)
 <PT3secrule.eps>)
File: PT3header.eps Graphic file (type eps)
 <PT3header.eps>
Overfull \vbox (7.8pt too high) has occurred while \output is active []

 [6]
\openout2 = `chap2.aux'.


(./chap2.tex
Chapter 2.
File: PT3chrule.eps Graphic file (type eps)
<PT3chrule.eps>
Underfull \hbox (badness 10000) in paragraph at lines 16--16

 []

Package hyperref Info: bookmark level for unknown contrib defaults to 0 on inpu
t line 26.
File: PT3secrule.eps Graphic file (type eps)
<PT3secrule.eps>

LaTeX Font Warning: Font shape `OT1/cmr/m/n' in size <9.5> not available
(Font)              size <9> substituted on input line 52.


LaTeX Font Warning: Font shape `OT1/cmss/m/n' in size <9.5> not available
(Font)              size <9> substituted on input line 52.


LaTeX Font Warning: Font shape `OT1/cmss/bx/n' in size <9.5> not available
(Font)              size <9> substituted on input line 52.


LaTeX Font Warning: Font shape `OML/cmm/m/it' in size <9.5> not available
(Font)              size <9> substituted on input line 52.


LaTeX Font Warning: Font shape `OMS/cmsy/m/n' in size <9.5> not available
(Font)              size <9> substituted on input line 52.

LaTeX Font Info:    External font `cmex10' loaded for size
(Font)              <9.5> on input line 52.

Package xcolor Warning: Incompatible color definition on input line 65.


Underfull \hbox (badness 10000) has occurred while \output is active
[]
 []

[7



]
File: PT3secrule.eps Graphic file (type eps)
 <PT3secrule.eps>
File: PT3secrule.eps Graphic file (type eps)
 <PT3secrule.eps>
Overfull \hbox (15.74693pt too wide) in paragraph at lines 77--77
[]    \OT1/cmtt/m/n/10 {\LaTeXeintitle\ Guide for Authors using~the~\cambridge~
Design}[] 
 []

File: PT3secrule.eps Graphic file (type eps)
<PT3secrule.eps>
File: PT3secrule.eps Graphic file (type eps)
 <PT3secrule.eps>
Overfull \hbox (15.24937pt too wide) in paragraph at lines 91--92
\OT1/cmr/m/n/10 If your book starts with an un-num-bered chap-ter (e.g. []\OT1/
cmtt/m/n/10 \chapter*{Introduction}\OT1/cmr/m/n/10 ,
 []

File: PT3secrule.eps Graphic file (type eps)
<PT3secrule.eps>
File: PT3header.eps Graphic file (type eps)
 <PT3header.eps>
Overfull \vbox (7.8pt too high) has occurred while \output is active []

 [8]
Overfull \hbox (12.83244pt too wide) in paragraph at lines 97--98
\OT1/cmr/m/n/10 sec-tions, add the fol-low-ing line to the pream-ble: []\OT1/cm
tt/m/n/10 \setcounter{secnumdepth}{2}\OT1/cmr/m/n/10 .
 []

File: PT3secrule.eps Graphic file (type eps)
<PT3secrule.eps>

Package xcolor Warning: Incompatible color definition on input line 104.


Overfull \hbox (6.16579pt too wide) in paragraph at lines 121--122
[]\OT1/cmtt/m/n/10 \sectionmark \OT1/cmr/m/n/10 has to be en-tered twice as sho
wn, be-cause the first []\OT1/cmtt/m/n/10 \sectionmark
 []

File: PT3header.eps Graphic file (type eps)
<PT3header.eps>
Overfull \vbox (7.8pt too high) has occurred while \output is active []

 [9]

Package xcolor Warning: Incompatible color definition on input line 123.

File: PT3secrule.eps Graphic file (type eps)
<PT3secrule.eps>

Package xcolor Warning: Incompatible color definition on input line 154.

File: PT3header.eps Graphic file (type eps)
<PT3header.eps>
Overfull \vbox (7.8pt too high) has occurred while \output is active []

 [10]
Overfull \hbox (7.47086pt too wide) in paragraph at lines 173--174
[]\OT1/cmr/m/n/10 Ensure that []\OT1/cmtt/m/n/10 \chapterauthor \OT1/cmr/m/n/10
 and []\OT1/cmtt/m/n/10 \chapteraffil \OT1/cmr/m/n/10 are keyed be-fore []\OT1/
cmtt/m/n/10 \chapter\OT1/cmr/m/n/10 . 
 []


Package xcolor Warning: Incompatible color definition on input line 176.

File: PT3header.eps Graphic file (type eps)
<PT3header.eps>
Overfull \vbox (7.8pt too high) has occurred while \output is active []

 [11]
File: PT3secrule.eps Graphic file (type eps)

<PT3secrule.eps>
File: PT3secrule.eps Graphic file (type eps)
 <PT3secrule.eps>
File: PT3header.eps Graphic file (type eps)
 <PT3header.eps>
Overfull \vbox (7.8pt too high) has occurred while \output is active []

 [12]

Package xcolor Warning: Incompatible color definition on input line 228.

File: PT3secrule.eps Graphic file (type eps)
<PT3secrule.eps>
File: PT3secrule.eps Graphic file (type eps)
 <PT3secrule.eps>
Underfull \vbox (badness 4429) has occurred while \output is active []

File: PT3header.eps Graphic file (type eps)

<PT3header.eps>
Overfull \vbox (7.8pt too high) has occurred while \output is active []

 [13]
Overfull \hbox (10.49698pt too wide) in paragraph at lines 263--263
[]    \OT1/cmtt/m/n/10 The following notes may help you achieve the best effect
s with[] 
 []

File: PT3secrule.eps Graphic file (type eps)
<PT3secrule.eps>
File: PT3secrule.eps Graphic file (type eps)
 <PT3secrule.eps>
File: PT3header.eps Graphic file (type eps)
 <PT3header.eps>
Overfull \vbox (7.8pt too high) has occurred while \output is active []

 [14]
Overfull \hbox (5.24702pt too wide) in paragraph at lines 295--295
[]    \OT1/cmtt/m/n/10 \item estimate the fluctuations in the near-wall region\
ldots[] 
 []

File: PT3secrule.eps Graphic file (type eps)
<PT3secrule.eps>
Overfull \hbox (15.74693pt too wide) in paragraph at lines 316--316
[]    \OT1/cmtt/m/n/10 to be superfluid, despite the very high temperatures~($1
0^6$\,K[] 
 []


Overfull \hbox (10.49698pt too wide) in paragraph at lines 316--316
[]    \OT1/cmtt/m/n/10 or higher) that we find inside neutron stars. (Bernard S
chutz)[] 
 []

File: PT3secrule.eps Graphic file (type eps)
<PT3secrule.eps>
Underfull \vbox (badness 1648) has occurred while \output is active []

File: PT3header.eps Graphic file (type eps)

<PT3header.eps>
Overfull \vbox (7.8pt too high) has occurred while \output is active []

 [15]
\openout3 = `tomDieck.ent'.



Package xcolor Warning: Incompatible color definition on input line 341.


Package xcolor Warning: Incompatible color definition on input line 351.


Overfull \hbox (17.97214pt too wide) in paragraph at lines 353--354
\OT1/cmr/m/n/10 Endnotes should be printed at the end of the chap-ter us-ing th
e same []\OT1/cmtt/m/n/10 \theendnotes
 []

File: PT3secrule.eps Graphic file (type eps)
<PT3secrule.eps>
File: PT3header.eps Graphic file (type eps)
 <PT3header.eps>
Overfull \vbox (7.8pt too high) has occurred while \output is active []

 [16]
Overfull \hbox (15.74693pt too wide) in paragraph at lines 376--376
[]    \OT1/cmtt/m/n/10 \item Show that the geometrical definition of grad leads
 to the[] 
 []


Overfull \hbox (26.24684pt too wide) in paragraph at lines 376--376
[]          \OT1/cmtt/m/n/10 usual expression for $\nabla\phi$ in Cartesian coo
rdinates.[] 
 []


Overfull \hbox (5.24702pt too wide) in paragraph at lines 376--376
[]          \OT1/cmtt/m/n/10 Consider a small rectangular volume element $\Delt
a V =[] 
 []


Overfull \hbox (31.4968pt too wide) in paragraph at lines 376--376
[]          \OT1/cmtt/m/n/10 \Delta x\,\Delta y\,\Delta z$ with its faces paral
lel to the[] 
 []


Overfull \hbox (15.74693pt too wide) in paragraph at lines 376--376
[]          \OT1/cmtt/m/n/10 $x,y,z$ coordinate surfaces and with the point $P$
 at one[] 
 []


Overfull \hbox (31.4968pt too wide) in paragraph at lines 376--376
[]    \OT1/cmtt/m/n/10 \item Find the Fourier series of $f(x) =  x^3$ for $0 < 
x \leq 2$.[] 
 []


Overfull \hbox (15.74693pt too wide) in paragraph at lines 376--376
[]          \OT1/cmtt/m/n/10 In the example discussed in the previous section w
e found[] 
 []


Overfull \hbox (20.99689pt too wide) in paragraph at lines 376--376
[]          \OT1/cmtt/m/n/10 the Fourier series for $f(x) = x^2$ in the require
d range.[] 
 []

File: PT3secrule.eps Graphic file (type eps)
<PT3secrule.eps>

Package xcolor Warning: Incompatible color definition on input line 397.

File: PT3header.eps Graphic file (type eps)
<PT3header.eps>
Overfull \vbox (7.8pt too high) has occurred while \output is active []

 [17]

LaTeX Font Warning: Font shape `OT1/cmr/m/n' in size <10.5> not available
(Font)              size <10.95> substituted on input line 411.


LaTeX Font Warning: Font shape `OT1/cmss/m/n' in size <10.5> not available
(Font)              size <10.95> substituted on input line 411.


LaTeX Font Warning: Font shape `OT1/cmss/bx/n' in size <10.5> not available
(Font)              size <10.95> substituted on input line 411.


Package xcolor Warning: Incompatible color definition on input line 418.

File: PT3secrule.eps Graphic file (type eps)
<PT3secrule.eps>

Package xcolor Warning: Incompatible color definition on input line 437.

File: PT3header.eps Graphic file (type eps)
<PT3header.eps>
Overfull \vbox (7.8pt too high) has occurred while \output is active []

 [18]
Overfull \hbox (73.49643pt too wide) in paragraph at lines 452--452
[]    \OT1/cmtt/m/n/10 \item Show that in a theory with $\beta(g)=bg^2 + b'g^3 
+ b''g^4 +\cdots$,[] 
 []


Overfull \hbox (15.74693pt too wide) in paragraph at lines 452--452
[]          \OT1/cmtt/m/n/10 it is possible by a redefinition of the coupling c
onstant[] 
 []


Overfull \hbox (10.49698pt too wide) in paragraph at lines 452--452
[]          \OT1/cmtt/m/n/10 be used in studying processes at energy 100\,GeV, 
taking[] 
 []


Overfull \hbox (26.24684pt too wide) in paragraph at lines 452--452
[]          \OT1/cmtt/m/n/10 account of all known charged quarks and leptons wi
th masses[] 
 []


Package xcolor Warning: Incompatible color definition on input line 466.

File: PT3header.eps Graphic file (type eps)
<PT3header.eps>
Overfull \vbox (7.8pt too high) has occurred while \output is active []

 [19]
File: PT3secrule.eps Graphic file (type eps)

<PT3secrule.eps>
File: PT3marginbox.eps Graphic file (type eps)
 <PT3marginbox.eps>
Overfull \vbox (19.07124pt too high) detected at line 484
 []


Overfull \hbox (20.55614pt too wide) in paragraph at lines 484--485
\OT1/cmr/m/n/10 in the para-graph, such as [], [], [], []
 []


Underfull \hbox (badness 10000) in paragraph at lines 484--485
\OT1/cmr/m/n/10 ing:
 []

File: PT3secrule.eps Graphic file (type eps)
<PT3secrule.eps>
Overfull \hbox (23.74953pt too wide) in paragraph at lines 488--489
\OT1/cmr/m/n/10 may have a `List of boxes' in the ta-ble of con-tents by adding
 []\OT1/cmtt/m/n/10 \listoffloatingboxes
 []


LaTeX Font Warning: Font shape `OML/cmm/m/it' in size <10.5> not available
(Font)              size <10.95> substituted on input line 498.


LaTeX Font Warning: Font shape `OMS/cmsy/m/n' in size <10.5> not available
(Font)              size <10.95> substituted on input line 498.

LaTeX Font Info:    External font `cmex10' loaded for size
(Font)              <10.5> on input line 498.
Package hyperref Info: bookmark level for unknown floatingbox defaults to 0 on 
input line 498.
File: PT3box.eps Graphic file (type eps)
<PT3box.eps>
Overfull \vbox (18.00049pt too high) detected at line 498
 []


Underfull \hbox (badness 10000) in paragraph at lines 498--498

 []


Package xcolor Warning: Incompatible color definition on input line 498.


Package xcolor Warning: Incompatible color definition on input line 498.


Overfull \hbox (5.24702pt too wide) in paragraph at lines 511--511
[]    \OT1/cmtt/m/n/10 {The open string theory we have in our hands is the theo
ry of[] 
 []


Overfull \hbox (15.74693pt too wide) in paragraph at lines 511--511
[]      \OT1/cmtt/m/n/10 strings on a D25-brane, a D-brane that fills all of th
e space[] 
 []


Overfull \hbox (5.24702pt too wide) in paragraph at lines 511--511
[]      \OT1/cmtt/m/n/10 density~$T_{25}$ which, in fact, can be calculated exa
ctly.[] 
 []

File: PT3secrule.eps Graphic file (type eps)
<PT3secrule.eps>
File: cantor1.eps Graphic file (type eps)
 <cantor1.eps>

Package xcolor Warning: Incompatible color definition on input line 521.


Overfull \vbox (1.24pt too high) detected at line 521
 []


Package xcolor Warning: Incompatible color definition on input line 521.


Overfull \hbox (10.49698pt too wide) in paragraph at lines 532--532
[]    \OT1/cmtt/m/n/10 \caption{A Cantor repeller. Figure captions will be flus
h-left[] 
 []


Package xcolor Warning: Incompatible color definition on input line 536.

File: cantor1.eps Graphic file (type eps)
<cantor1.eps>

Package xcolor Warning: Incompatible color definition on input line 541.


Overfull \vbox (1.24pt too high) detected at line 541
 []


Package xcolor Warning: Incompatible color definition on input line 541.


Underfull \vbox (badness 1910) has occurred while \output is active []

File: PT3header.eps Graphic file (type eps)

<PT3header.eps>
Overfull \vbox (7.8pt too high) has occurred while \output is active []

 [20]
File: PT3secrule.eps Graphic file (type eps)

<PT3secrule.eps>
File: PT3header.eps Graphic file (type eps)
 <PT3header.eps>
Overfull \vbox (7.8pt too high) has occurred while \output is active []

 [21]
LaTeX Font Info:    External font `cmex10' loaded for size
(Font)              <9> on input line 585.


LaTeX Font Warning: Font shape `OT1/cmr/bx/n' in size <10.5> not available
(Font)              size <10.95> substituted on input line 585.

LaTeX Font Info:    Font shape `OT1/cmtt/bx/n' in size <10.5> not available
(Font)              Font shape `OT1/cmtt/m/n' tried instead on input line 585.

LaTeX Font Warning: Font shape `OT1/cmtt/m/n' in size <10.5> not available
(Font)              size <10.95> substituted on input line 585.


LaTeX Font Warning: Font shape `OT1/cmtt/m/n' in size <10.5> not available
(Font)              size <10.95> substituted on input line 585.


Package xcolor Warning: Incompatible color definition on input line 585.


Package xcolor Warning: Incompatible color definition on input line 585.


Package xcolor Warning: Incompatible color definition on input line 585.


Overfull \hbox (47.24666pt too wide) in paragraph at lines 605--605
[]    \OT1/cmtt/m/n/10 {Note that table captions are typeset using~the \texttt{
processtable}[] 
 []


Overfull \hbox (5.24702pt too wide) in paragraph at lines 605--605
[]    \OT1/cmtt/m/n/10 {\addtolength\tabcolsep{2pt}% to stretch columns, if req
uired[] 
 []


Overfull \hbox (26.24684pt too wide) in paragraph at lines 605--605
[]        \OT1/cmtt/m/n/10 Figure\footnote{\textit{Note:} All generalizations a
re false,[] 
 []


Overfull \hbox (15.74693pt too wide) in paragraph at lines 605--605
[]        \OT1/cmtt/m/n/10 2 & $-1$    & $\exp\left(\pi i\frac34\right)$ & $1$\
\[12pt][] 
 []


Package xcolor Warning: Incompatible color definition on input line 610.


Package xcolor Warning: Incompatible color definition on input line 618.


Underfull \vbox (badness 6157) has occurred while \output is active []

File: PT3header.eps Graphic file (type eps)

<PT3header.eps>
Overfull \vbox (7.8pt too high) has occurred while \output is active []

 [22]

Package xcolor Warning: Incompatible color definition on input line 622.


Package xcolor Warning: Incompatible color definition on input line 631.


Underfull \hbox (badness 1917) in paragraph at lines 633--634
\OT1/cmr/m/n/10 space be-tween columns 1 and 2 to 25pt, you would do this us-in
g
 []

File: PT3header.eps Graphic file (type eps)
<PT3header.eps>
Overfull \vbox (7.8pt too high) has occurred while \output is active []

 [23]

Package xcolor Warning: Incompatible color definition on input line 635.


Underfull \vbox (badness 10000) has occurred while \output is active []

File: PT3header.eps Graphic file (type eps)

<PT3header.eps>
Overfull \vbox (7.8pt too high) has occurred while \output is active []

 [24]
File: PT3secrule.eps Graphic file (type eps)

<PT3secrule.eps>

Package xcolor Warning: Incompatible color definition on input line 657.


Overfull \hbox (5.24702pt too wide) in paragraph at lines 668--668
[]    \OT1/cmtt/m/n/10 \caption[Landscape figure]{A Cantor repeller. Figure cap
tions[] 
 []

File: PT3header.eps Graphic file (type eps)
<PT3header.eps>
Overfull \vbox (7.8pt too high) has occurred while \output is active []

 [25]
File: cantor1.eps Graphic file (type eps)

<cantor1.eps>

Package xcolor Warning: Incompatible color definition on input line 673.


Overfull \vbox (1.24pt too high) detected at line 673
 []


Package xcolor Warning: Incompatible color definition on input line 673.


Package xcolor Warning: Incompatible color definition on input line 677.


Overfull \hbox (12.505pt too wide) in paragraph at lines 715--715
[]                                                     \OT1/cmtt/m/n/8 & Stone 
& Other & C14 Dates\\[] 
 []


Overfull \hbox (16.75507pt too wide) in paragraph at lines 715--715
[]          \OT1/cmtt/m/n/8 & $\phantom{0}$$\times$8 && $\times$2 bone & 2150 $
\pm$100\,\textsc{bc}\\[] 
 []


Overfull \hbox (16.75507pt too wide) in paragraph at lines 715--715
[]                                             \OT1/cmtt/m/n/8 & $\times$21 & H
ammerstone & -- & --\\[] 
 []


Overfull \hbox (16.75507pt too wide) in paragraph at lines 715--715
[]                       \OT1/cmtt/m/n/8 & $\times$57 & --& --& 1990 $\pm$80\,\
textsc{bc} (Layer 4)\\[] 
 []


Overfull \hbox (16.75507pt too wide) in paragraph at lines 715--715
[]                                  \OT1/cmtt/m/n/8 & $\phantom{0}$$\times$8 & 
-- & Fired clay & --\\[] 
 []


Overfull \hbox (12.505pt too wide) in paragraph at lines 715--715
[]    \OT1/cmtt/m/n/8 552 & --   & 0.68             & 0.12  & Saucer    & P7--1
4 & --           & --[] 
 []


Overfull \hbox (16.75507pt too wide) in paragraph at lines 715--715
[]                                                                     \OT1/cmt
t/m/n/8 & -- &-- &--\\[] 
 []


Overfull \hbox (12.505pt too wide) in paragraph at lines 715--715
[]    \OT1/cmtt/m/n/8 790 & --   & 0.60             & 0.25  & U         & P15  
  & $\times$12   & --[] 
 []


Overfull \hbox (16.75507pt too wide) in paragraph at lines 715--715
[]                                                        \OT1/cmtt/m/n/8 & Qua
rtzite-lump & -- &--\\[] 
 []


Overfull \hbox (33.75531pt too wide) in paragraph at lines 715--715
[]    \OT1/cmtt/m/n/8 794 & 2.89 & 0.75             & 0.25  & Irreg.    & P16  
  & $\phantom{0}$$\times$3[] 
 []


Overfull \hbox (16.75507pt too wide) in paragraph at lines 715--715
[]                                                                \OT1/cmtt/m/n
/8 & -- & -- &-- &--\\[] 
 []


Package xcolor Warning: Incompatible color definition on input line 748.


Package xcolor Warning: Incompatible color definition on input line 748.


Package xcolor Warning: Incompatible color definition on input line 748.

File: PT3secrule.eps Graphic file (type eps)
<PT3secrule.eps>
File: PT3header.eps Graphic file (type eps)
 <PT3header.eps>
Overfull \vbox (7.8pt too high) has occurred while \output is active []

 [26]
[27] [28]
Overfull \hbox (10.49698pt too wide) in paragraph at lines 762--762
[]    \OT1/cmtt/m/n/10 coding below. The heading is a numbered section head; th
e text[] 
 []

)
File: PT3header.eps Graphic file (type eps)
 <PT3header.eps>
Overfull \vbox (7.8pt too high) has occurred while \output is active []

 [29]
\openout2 = `chap3.aux'.


(./chap3.tex
Chapter 3.
File: PT3chrule.eps Graphic file (type eps)
<PT3chrule.eps>
Underfull \hbox (badness 10000) in paragraph at lines 4--4

 []

File: PT3secrule.eps Graphic file (type eps)
<PT3secrule.eps>
Overfull \hbox (16.27776pt too wide) in paragraph at lines 16--17
[]\OT1/cmr/m/n/10 The in-struc-tions for am-sthm.sty are doc-u-men-tated sep-a-
rately in \OT1/cmtt/m/n/10 amsthdoc.pdf\OT1/cmr/m/n/10 .
 []


Underfull \hbox (badness 1092) in paragraph at lines 24--25
[]\OT1/cmr/m/n/10 To num-ber these el-e-ments by chap-ter in this guide, we hav
e used
 []

File: PT3secrule.eps Graphic file (type eps)
<PT3secrule.eps>
Underfull \vbox (badness 4660) has occurred while \output is active []



Package xcolor Warning: Incompatible color definition on input line 30.


Underfull \hbox (badness 10000) has occurred while \output is active
[]
 []

[30



]
LaTeX Font Info:    Font shape `OT1/cmtt/bx/n' in size <13> not available
(Font)              Font shape `OT1/cmtt/m/n' tried instead on input line 30.


LaTeX Font Warning: Font shape `OT1/cmtt/m/n' in size <13> not available
(Font)              size <12> substituted on input line 30.


Package xcolor Warning: Incompatible color definition on input line 30.

File: PT3header.eps Graphic file (type eps)
<PT3header.eps>
Overfull \vbox (7.8pt too high) has occurred while \output is active []

 [31]

Package xcolor Warning: Incompatible color definition on input line 68.


Overfull \hbox (20.99689pt too wide) in paragraph at lines 86--86
[]    \OT1/cmtt/m/n/10 The length (i.e. number of letters) of a word $w\in [s]^
*$\ldots[] 
 []


Package xcolor Warning: Incompatible color definition on input line 98.

File: PT3header.eps Graphic file (type eps)
<PT3header.eps>
Overfull \vbox (7.8pt too high) has occurred while \output is active []

 [32]
File: PT3secrule.eps Graphic file (type eps)

<PT3secrule.eps>

Package xcolor Warning: Incompatible color definition on input line 142.

File: PT3header.eps Graphic file (type eps)
<PT3header.eps>
Overfull \vbox (7.8pt too high) has occurred while \output is active []

 [33]

Package xcolor Warning: Incompatible color definition on input line 156.


Package xcolor Warning: Incompatible color definition on input line 169.


Overfull \hbox (26.49933pt too wide) in paragraph at lines 190--191
[]\OT1/cmr/m/n/10 If []\OT1/cmtt/m/n/10 \qedhere \OT1/cmr/m/n/10 pro-duces an e
r-ror mes-sage in an equa-tion, try us-ing []\OT1/cmtt/m/n/10 \mbox{\qedhere}
 []


Package xcolor Warning: Incompatible color definition on input line 192.

File: PT3header.eps Graphic file (type eps)
<PT3header.eps>
Overfull \vbox (7.8pt too high) has occurred while \output is active []

 [34]
File: PT3secrule.eps Graphic file (type eps)

<PT3secrule.eps>

Package xcolor Warning: Incompatible color definition on input line 222.


Package xcolor Warning: Incompatible color definition on input line 227.


Package xcolor Warning: Incompatible color definition on input line 227.

)
File: PT3header.eps Graphic file (type eps)
 <PT3header.eps>
Overfull \vbox (7.8pt too high) has occurred while \output is active []

 [35]
File: PT3header.eps Graphic file (type eps)

<PT3header.eps>
Overfull \vbox (7.8pt too high) has occurred while \output is active []

 [36]
File: PT3chrule.eps Graphic file (type eps)

<PT3chrule.eps>

Package xcolor Warning: Incompatible color definition on input line 99.

[37


] [38

]
\openout2 = `chap4.aux'.

 (./chap4.tex
Chapter 4.
File: PT3chrule.eps Graphic file (type eps)
<PT3chrule.eps>
Underfull \hbox (badness 10000) in paragraph at lines 4--4

 []

File: PT3secrule.eps Graphic file (type eps)
<PT3secrule.eps>

Package hyperref Warning: Token not allowed in a PDF string (Unicode):
(hyperref)                \kern -1.66702pt
(hyperref)                removed on input line 6.


Package hyperref Warning: Token not allowed in a PDF string (Unicode):
(hyperref)                removing `\lower' on input line 6.


Package hyperref Warning: Token not allowed in a PDF string (Unicode):
(hyperref)                removing `\hbox' on input line 6.


Package hyperref Warning: Token not allowed in a PDF string (Unicode):
(hyperref)                \kern -1.25pt
(hyperref)                removed on input line 6.


Package hyperref Warning: Token not allowed in a PDF string (Unicode):
(hyperref)                removing `\spacefactor' on input line 6.


Package hyperref Warning: Token not allowed in a PDF string (Unicode):
(hyperref)                removing `\@m' on input line 6.


Overfull \hbox (13.97134pt too wide) in paragraph at lines 12--14
[]\OT1/cmr/m/n/10 The bib-li-og-ra-phy file for this guide (\OT1/cmtt/m/n/10 PT
3guide.tex\OT1/cmr/m/n/10 ) is called \OT1/cmtt/m/n/10 percolation.bib\OT1/cmr/
m/n/10 ;
 []


Overfull \hbox (75.74855pt too wide) in paragraph at lines 22--25
\OT1/cmr/m/n/10 er-ate a file called \OT1/cmtt/m/n/10 PT3guide.bbl\OT1/cmr/m/n/
10 , which will then be in-cluded by []\OT1/cmtt/m/n/10 \bibliography{percolati
on}\OT1/cmr/m/n/10 . 
 []


Overfull \hbox (66.24971pt too wide) in paragraph at lines 26--29
[]\OT1/cmr/m/n/10 Suppose you have cited 8 en-tries from the `per-co-la-tion' d
atabase, e.g. []\OT1/cmtt/m/n/10 \citealp{MenshEst}\OT1/cmr/m/n/10 ;
 []


Overfull \hbox (28.27477pt too wide) in paragraph at lines 26--29
[]\OT1/cmtt/m/n/10 \citealp{Kasymp}\OT1/cmr/m/n/10 ; []\OT1/cmtt/m/n/10 \citeal
p{VGFH}\OT1/cmr/m/n/10 ; []\OT1/cmtt/m/n/10 \citealp{HamMaz94}\OT1/cmr/m/n/10 ;
 []\OT1/cmtt/m/n/10 \citealp{HamLower}\OT1/cmr/m/n/10 ;
 []

File: PT3secrule.eps Graphic file (type eps)
<PT3secrule.eps>

Package xcolor Warning: Incompatible color definition on input line 58.


Underfull \hbox (badness 10000) has occurred while \output is active
[]
 []

[39


]
File: PT3secrule.eps Graphic file (type eps)
 <PT3secrule.eps>
File: PT3secrule.eps Graphic file (type eps)
 <PT3secrule.eps>
File: PT3header.eps Graphic file (type eps)
 <PT3header.eps>
Overfull \vbox (7.8pt too high) has occurred while \output is active []

 [40]
File: PT3secrule.eps Graphic file (type eps)

<PT3secrule.eps>
Underfull \vbox (badness 10000) has occurred while \output is active []

File: PT3header.eps Graphic file (type eps)

<PT3header.eps>
Overfull \vbox (7.8pt too high) has occurred while \output is active []

 [41])
File: PT3header.eps Graphic file (type eps)

<PT3header.eps>
Overfull \vbox (7.8pt too high) has occurred while \output is active []

 [42]
\openout2 = `chap5.aux'.


(./chap5.tex
Chapter 5.
File: PT3chrule.eps Graphic file (type eps)
<PT3chrule.eps>
Underfull \hbox (badness 10000) in paragraph at lines 4--4

 []

File: PT3secrule.eps Graphic file (type eps)
<PT3secrule.eps>
File: PT3secrule.eps Graphic file (type eps)
 <PT3secrule.eps>

Package xcolor Warning: Incompatible color definition on input line 42.


Underfull \hbox (badness 10000) has occurred while \output is active
[]
 []

[43



]
File: PT3secrule.eps Graphic file (type eps)
 <PT3secrule.eps>
File: PT3header.eps Graphic file (type eps)
 <PT3header.eps>
Overfull \vbox (7.8pt too high) has occurred while \output is active []

 [44]

Package xcolor Warning: Incompatible color definition on input line 105.

)
File: PT3header.eps Graphic file (type eps)
 <PT3header.eps>
Overfull \vbox (7.8pt too high) has occurred while \output is active []

 [45]
[46


]
\openout2 = `appendixA.aux'.

 (./appendixA.tex
Appendix A.

Package hyperref Warning: Token not allowed in a PDF string (Unicode):
(hyperref)                removing `\hbox' on input line 4.


Package hyperref Warning: Token not allowed in a PDF string (Unicode):
(hyperref)                removing `\AJW@tocindent' on input line 4.


Package hyperref Warning: Token not allowed in a PDF string (Unicode):
(hyperref)                removing `\hfil' on input line 4.

File: PT3chrule.eps Graphic file (type eps)
<PT3chrule.eps>
Underfull \hbox (badness 10000) in paragraph at lines 4--4

 []

File: PT3secrule.eps Graphic file (type eps)
<PT3secrule.eps>

Package xcolor Warning: Incompatible color definition on input line 7.


Package xcolor Warning: Incompatible color definition on input line 14.

File: PT3secrule.eps Graphic file (type eps)
<PT3secrule.eps>

Package xcolor Warning: Incompatible color definition on input line 25.


Package xcolor Warning: Incompatible color definition on input line 36.


Underfull \hbox (badness 10000) has occurred while \output is active
[]
 []

[47



]

Package xcolor Warning: Incompatible color definition on input line 36.

File: PT3secrule.eps Graphic file (type eps)
<PT3secrule.eps>

Package xcolor Warning: Incompatible color definition on input line 57.


Overfull \vbox (1.24pt too high) detected at line 57
 []


Package xcolor Warning: Incompatible color definition on input line 57.

)
File: PT3header.eps Graphic file (type eps)
 <PT3header.eps>
Overfull \vbox (7.8pt too high) has occurred while \output is active []

 [48]
\openout2 = `appendixB.aux'.


(./appendixB.tex
Appendix B.

Package hyperref Warning: Token not allowed in a PDF string (Unicode):
(hyperref)                removing `\hbox' on input line 4.


Package hyperref Warning: Token not allowed in a PDF string (Unicode):
(hyperref)                removing `\AJW@tocindent' on input line 4.


Package hyperref Warning: Token not allowed in a PDF string (Unicode):
(hyperref)                removing `\hfil' on input line 4.

File: PT3chrule.eps Graphic file (type eps)
<PT3chrule.eps>
Underfull \hbox (badness 10000) in paragraph at lines 4--4

 []


Overfull \hbox (11.27802pt too wide) in paragraph at lines 9--10
\OT1/cmr/m/n/10 Lemma 4.1.2, Lemma 4.1.3, Propo-si-tion 4.1.4, Corol-lary 4.1.5
, re-place []\OT1/cmtt/m/n/10 [chapter]
 []

)

Package xcolor Warning: Incompatible color definition on input line 108.


Underfull \hbox (badness 10000) has occurred while \output is active
[]
 []

[49



]
\openout2 = `appendixC.aux'.

 (./appendixC.tex
Appendix C.

Package hyperref Warning: Token not allowed in a PDF string (Unicode):
(hyperref)                removing `\hbox' on input line 4.


Package hyperref Warning: Token not allowed in a PDF string (Unicode):
(hyperref)                removing `\AJW@tocindent' on input line 4.


Package hyperref Warning: Token not allowed in a PDF string (Unicode):
(hyperref)                removing `\hfil' on input line 4.

File: PT3chrule.eps Graphic file (type eps)
<PT3chrule.eps>
Underfull \hbox (badness 10000) in paragraph at lines 4--4

 []


Overfull \hbox (8.25494pt too wide) in paragraph at lines 146--146
[]\OT1/cmtt/m/n/8 % \documentclass[prodtf]{PT3} % production option (used to pr
oduce PT3guide.pdf);[] 
 []


Overfull \hbox (8.25494pt too wide) in paragraph at lines 146--146
[]                              \OT1/cmtt/m/n/8 % can only be used if you have 
the Adobe Myriad Pro[] 
 []


Package xcolor Warning: Incompatible color definition on input line 146.


Underfull \hbox (badness 10000) has occurred while \output is active
[]
 []

[50



]
Overfull \hbox (21.00513pt too wide) in paragraph at lines 146--146
[]  \OT1/cmtt/m/n/8 \setcounter{tocdepth}{2}    % the toc normally lists sectio
ns; for the purposes of[] 
 []


Overfull \hbox (21.00513pt too wide) in paragraph at lines 146--146
[]                              \OT1/cmtt/m/n/8 % this document, this has been 
extended to subsections[] 
 []


Overfull \hbox (8.25494pt too wide) in paragraph at lines 146--146
[]  \OT1/cmtt/m/n/8 \details{This guide was compiled using \cambridge.cls \vers
ion\\[\baselineskip][] 
 []

File: PT3header.eps Graphic file (type eps)
<PT3header.eps>
Overfull \vbox (7.8pt too high) has occurred while \output is active []

 [51])
File: PT3header.eps Graphic file (type eps)

<PT3header.eps>
Overfull \vbox (7.8pt too high) has occurred while \output is active []

 [52]
File: PT3chrule.eps Graphic file (type eps)

<PT3chrule.eps> (./tomDieck.ent
! Illegal unit of measure (pt inserted).
<to be read again> 
                   \relax 
l.1 \subsection*
                {Chapter\nobreakspace
Dimensions can be in units of em, ex, in, pt, pc,
cm, mm, dd, cc, bp, or sp; but yours is a new one!
I'll assume that you meant to say pt, for printer's points.
To recover gracefully from this error, it's best to
delete the erroneous units; e.g., type `2' to delete
two letters. (See Chapter 27 of The TeXbook.)

)

Package xcolor Warning: Incompatible color definition on input line 114.


Underfull \hbox (badness 10000) has occurred while \output is active
[]
 []

[53


] (./tomDieck.bbl
File: PT3chrule.eps Graphic file (type eps)
 <PT3chrule.eps>)

Package xcolor Warning: Incompatible color definition on input line 120.


Underfull \hbox (badness 10000) has occurred while \output is active
[]
 []

[54


]
File: PT3chrule.eps Graphic file (type eps)
 <PT3chrule.eps>
Author index
(./authors.ind

Package xcolor Warning: Incompatible color definition on input line 13.


Underfull \hbox (badness 10000) has occurred while \output is active
[]
 []

[55



])
File: PT3chrule.eps Graphic file (type eps)
 <PT3chrule.eps>
Subject index
(./subject.ind

Package xcolor Warning: Incompatible color definition on input line 11.


Underfull \hbox (badness 10000) has occurred while \output is active
[]
 []

[56



])
Package atveryend Info: Empty hook `BeforeClearDocument' on input line 135.
Package atveryend Info: Empty hook `AfterLastShipout' on input line 135.
 (./tomDieck.aux (./chap1.aux) (./chap2.aux) (./chap3.aux) (./chap4.aux)
(./chap5.aux) (./appendixA.aux) (./appendixB.aux) (./appendixC.aux))
Package atveryend Info: Empty hook `AtVeryEndDocument' on input line 135.
Package atveryend Info: Empty hook `AtEndAfterFileList' on input line 135.


LaTeX Font Warning: Size substitutions with differences
(Font)              up to 5.12pt have occurred.

Package atveryend Info: Empty hook `AtVeryVeryEnd' on input line 135.
 ) 
Here is how much of TeX's memory you used:
 20010 strings out of 493706
 367068 string characters out of 6145769
 434523 words of memory out of 5000000
 22968 multiletter control sequences out of 15000+600000
 21741 words of font info for 75 fonts, out of 8000000 for 9000
 1343 hyphenation exceptions out of 8191
 56i,20n,82p,782b,820s stack positions out of 5000i,500n,10000p,200000b,80000s

Output written on tomDieck.pdf (66 pages).
